Arguments: 
  /usr/local/bin/node /usr/share/yarn/bin/yarn.js install

PATH: 
  /home/alvin/.amplify/bin:/home/alvin/.amplify/bin:/home/alvin/scripts:/home/alvin/.local/bin:/usr/local/sbin:/usr/local/bin:/usr/sbin:/usr/bin:/sbin:/bin:/usr/games:/usr/local/games:/snap/bin:/home/alvin/Android/Sdk/emulator:/home/alvin/Android/Sdk/tools:/home/alvin/Android/Sdk/tools/bin:/home/alvin/Android/Sdk/platform-tools:/home/alvin/flutter_linux_2.5.2-stable/flutter/bin:/home/alvin/Android/Sdk/emulator:/home/alvin/Android/Sdk/tools:/home/alvin/Android/Sdk/tools/bin:/home/alvin/Android/Sdk/platform-tools:/home/alvin/flutter_linux_2.5.2-stable/flutter/bin:/home/alvin/.npm-global/bin

Yarn version: 
  1.22.5

Node version: 
  16.13.0

Platform: 
  linux x64

Trace: 
  Error: getaddrinfo EAI_AGAIN registry.yarnpkg.com
      at GetAddrInfoReqWrap.onlookup [as oncomplete] (node:dns:71:26)

npm manifest: 
  {
    "name": "mimbo",
    "version": "1.0.0",
    "private": true,
    "description": "mimbo",
    "author": "alvinmemphis",
    "keywords": [
      "gatsby"
    ],
    "scripts": {
      "develop": "gatsby develop",
      "start": "gatsby develop",
      "build": "gatsby build",
      "serve": "gatsby serve",
      "clean": "gatsby clean",
      "typecheck": "tsc --noEmit"
    },
    "dependencies": {
      "gatsby": "^4.10.0",
      "react": "^17.0.1",
      "react-dom": "^17.0.1"
    },
    "devDependencies": {
      "@types/node": "^17.0.21",
      "@types/react": "^17.0.39",
      "@types/react-dom": "^17.0.13",
      "typescript": "^4.6.2"
    }
  }

yarn manifest: 
  No manifest

Lockfile: 
  No lockfile
